<?xml version="1.0" encoding="UTF-8"?>
<testng-results ignored="0" total="1" passed="1" failed="0" skipped="0">
  <reporter-output>
  </reporter-output>
  <suite started-at="2019-12-29T15:16:01 IST" name="Suite" finished-at="2019-12-29T15:16:18 IST" duration-ms="16684">
    <groups>
    </groups>
    <test started-at="2019-12-29T15:16:01 IST" name="Test" finished-at="2019-12-29T15:16:18 IST" duration-ms="16684">
      <class name="TestCases.VerifySignInPOM">
        <test-method signature="TC()[pri:0, instance:TestCases.VerifySignInPOM@611889f4]" started-at="2019-12-29T15:16:02 IST" name="TC" finished-at="2019-12-29T15:16:18 IST" duration-ms="16644" status="PASS">
          <reporter-output>
          </reporter-output>
        </test-method> <!-- TC -->
      </class> <!-- TestCases.VerifySignInPOM -->
    </test> <!-- Test -->
  </suite> <!-- Suite -->
</testng-results>
